This is pdfTeX, Version 3.1415926-2.5-1.40.14 (TeX Live 2013/Debian) (format=latex 2015.5.6)  30 MAY 2015 15:25
entering extended mode
 restricted \write18 enabled.
 %&-line parsing enabled.
**architecture.tex
(./architecture.tex
LaTeX2e <2011/06/27>
Babel <3.9h> and hyphenation patterns for 78 languages loaded.
! Undefined control sequence.
<argument> \undefinedpagestyle 
                               
l.2 \thispagestyle{sectioned}
                             
? 
! Emergency stop.
<argument> \undefinedpagestyle 
                               
l.2 \thispagestyle{sectioned}
                             
End of file on the terminal!

 
Here is how much of TeX's memory you used:
 6 strings out of 493305
 165 string characters out of 6139898
 51877 words of memory out of 5000000
 3565 multiletter control sequences out of 15000+600000
 3640 words of font info for 14 fonts, out of 8000000 for 9000
 957 hyphenation exceptions out of 8191
 5i,0n,2p,57b,8s stack positions out of 5000i,500n,10000p,200000b,80000s
No pages of output.
