\BOOKMARK [0][-]{chapter*.1}{Autorizaci\363n de Difusi\363n y Uso}{}% 1
\BOOKMARK [0][-]{chapter*.2}{Agradecimientos}{}% 2
\BOOKMARK [0][-]{chapter*.6}{Abstract}{}% 3
\BOOKMARK [0][-]{chapter*.7}{Resumen}{}% 4
\BOOKMARK [0][-]{chapter.1}{Introducci\363n}{}% 5
\BOOKMARK [1][-]{section.1.1}{Marco te\363rico de la idea: Pol\355tica en el mundo de la Inform\341tica}{chapter.1}% 6
\BOOKMARK [1][-]{section.1.2}{Adentr\341ndonos en la idea}{chapter.1}% 7
\BOOKMARK [1][-]{section.1.3}{Objetivos del Proyecto}{chapter.1}% 8
\BOOKMARK [1][-]{section.1.4}{Estructura del Documento}{chapter.1}% 9
\BOOKMARK [0][-]{chapter.2}{Estado del Arte}{}% 10
\BOOKMARK [1][-]{section.2.1}{Edici\363n Colaborativa en Tiempo Real}{chapter.2}% 11
\BOOKMARK [2][-]{subsection.2.1.1}{APIs Centralizadas}{section.2.1}% 12
\BOOKMARK [3][-]{subsubsection.2.1.1.1}{Google Realtime API}{subsection.2.1.1}% 13
\BOOKMARK [3][-]{subsubsection.2.1.1.2}{Microsoft RTC Client API}{subsection.2.1.1}% 14
\BOOKMARK [3][-]{subsubsection.2.1.1.3}{WebRTC}{subsection.2.1.1}% 15
\BOOKMARK [3][-]{subsubsection.2.1.1.4}{Mozilla TogetherJS}{subsection.2.1.1}% 16
\BOOKMARK [3][-]{subsubsection.2.1.1.5}{ShareJS}{subsection.2.1.1}% 17
\BOOKMARK [3][-]{subsubsection.2.1.1.6}{Goodow}{subsection.2.1.1}% 18
\BOOKMARK [2][-]{subsection.2.1.2}{Plataformas Web y Android}{section.2.1}% 19
\BOOKMARK [3][-]{subsubsection.2.1.2.1}{Wave: Wave In A Box \(WIAB\)}{subsection.2.1.2}% 20
\BOOKMARK [3][-]{subsubsection.2.1.2.2}{Google Docs}{subsection.2.1.2}% 21
\BOOKMARK [3][-]{subsubsection.2.1.2.3}{Etherpad}{subsection.2.1.2}% 22
\BOOKMARK [3][-]{subsubsection.2.1.2.4}{Colorillo}{subsection.2.1.2}% 23
\BOOKMARK [3][-]{subsubsection.2.1.2.5}{ShareLaTeX}{subsection.2.1.2}% 24
\BOOKMARK [3][-]{subsubsection.2.1.2.6}{Samepage}{subsection.2.1.2}% 25
\BOOKMARK [3][-]{subsubsection.2.1.2.7}{Quip}{subsection.2.1.2}% 26
\BOOKMARK [1][-]{section.2.2}{Aplicaciones de Participaci\363n Pol\355tica y Ciudadana}{chapter.2}% 27
\BOOKMARK [2][-]{subsection.2.2.1}{Programas Pol\355ticos}{section.2.2}% 28
\BOOKMARK [3][-]{subsubsection.2.2.1.1}{UPyD Parla}{subsection.2.2.1}% 29
\BOOKMARK [3][-]{subsubsection.2.2.1.2}{RecuperaC\363rdoba}{subsection.2.2.1}% 30
\BOOKMARK [3][-]{subsubsection.2.2.1.3}{PSOE Andaluc\355a}{subsection.2.2.1}% 31
\BOOKMARK [3][-]{subsubsection.2.2.1.4}{PP Canarias}{subsection.2.2.1}% 32
\BOOKMARK [2][-]{subsection.2.2.2}{Participaci\363n Ciudadana}{section.2.2}% 33
\BOOKMARK [3][-]{subsubsection.2.2.2.1}{Reddit}{subsection.2.2.2}% 34
\BOOKMARK [3][-]{subsubsection.2.2.2.2}{Change.org}{subsection.2.2.2}% 35
\BOOKMARK [3][-]{subsubsection.2.2.2.3}{Programas Colaborativos de Ahora Madrid y Zaragoza en Com\372n}{subsection.2.2.2}% 36
\BOOKMARK [3][-]{subsubsection.2.2.2.4}{Appgree}{subsection.2.2.2}% 37
\BOOKMARK [0][-]{chapter.3}{Metodolog\355a del Proyecto}{}% 38
\BOOKMARK [1][-]{section.3.1}{Uso de Software Libre}{chapter.3}% 39
\BOOKMARK [1][-]{section.3.2}{Metodolog\355a de Migraci\363n de Wave a Android}{chapter.3}% 40
\BOOKMARK [2][-]{subsection.3.2.1}{Objetivo}{section.3.2}% 41
\BOOKMARK [2][-]{subsection.3.2.2}{Plataforma: Entorno de Desarrollo, Construcci\363n y Depuraci\363n}{section.3.2}% 42
\BOOKMARK [3][-]{subsubsection.3.2.2.1}{Eclipse}{subsection.3.2.2}% 43
\BOOKMARK [3][-]{subsubsection.3.2.2.2}{Proceso de Construcci\363n por Consola}{subsection.3.2.2}% 44
\BOOKMARK [3][-]{subsubsection.3.2.2.3}{Proceso de Depuraci\363n}{subsection.3.2.2}% 45
\BOOKMARK [2][-]{subsection.3.2.3}{Migraci\363n: Identificaci\363n y Soluci\363n de Problemas}{section.3.2}% 46
\BOOKMARK [3][-]{subsubsection.3.2.3.1}{Conexi\363n HTTP}{subsection.3.2.3}% 47
\BOOKMARK [3][-]{subsubsection.3.2.3.2}{Conexi\363n WebSocket}{subsection.3.2.3}% 48
\BOOKMARK [3][-]{subsubsection.3.2.3.3}{Conexi\363n final y Logging}{subsection.3.2.3}% 49
\BOOKMARK [3][-]{subsubsection.3.2.3.4}{Organizaci\363n del c\363digo: Servicio Android}{subsection.3.2.3}% 50
\BOOKMARK [2][-]{subsection.3.2.4}{Dependencias}{section.3.2}% 51
\BOOKMARK [2][-]{subsection.3.2.5}{Resultado de la Migraci\363n}{section.3.2}% 52
\BOOKMARK [1][-]{section.3.3}{Implementaci\363n de DemoCritics}{chapter.3}% 53
\BOOKMARK [2][-]{subsection.3.3.1}{Metodolog\355a}{section.3.3}% 54
\BOOKMARK [3][-]{subsubsection.3.3.1.1}{Control de versiones}{subsection.3.3.1}% 55
\BOOKMARK [3][-]{subsubsection.3.3.1.2}{GitHub}{subsection.3.3.1}% 56
\BOOKMARK [3][-]{subsubsection.3.3.1.3}{Reparto de tareas}{subsection.3.3.1}% 57
\BOOKMARK [3][-]{subsubsection.3.3.1.4}{Revisiones de c\363digo}{subsection.3.3.1}% 58
\BOOKMARK [3][-]{subsubsection.3.3.1.5}{Evaluaciones de usabilidad}{subsection.3.3.1}% 59
\BOOKMARK [0][-]{chapter.4}{Tecnolog\355as del Proyecto}{}% 60
\BOOKMARK [1][-]{section.4.1}{Tecnolog\355as de Wave}{chapter.4}% 61
\BOOKMARK [2][-]{subsection.4.1.1}{Google Wave}{section.4.1}% 62
\BOOKMARK [2][-]{subsection.4.1.2}{Apache Wave}{section.4.1}% 63
\BOOKMARK [2][-]{subsection.4.1.3}{Caracter\355sticas de Wave}{section.4.1}% 64
\BOOKMARK [3][-]{subsubsection.4.1.3.1}{Federaci\363n}{subsection.4.1.3}% 65
\BOOKMARK [3][-]{subsubsection.4.1.3.2}{Consistencia en tiempo real}{subsection.4.1.3}% 66
\BOOKMARK [3][-]{subsubsection.4.1.3.3}{Escalabilidad}{subsection.4.1.3}% 67
\BOOKMARK [2][-]{subsection.4.1.4}{Servidores Wave: SwellRT}{section.4.1}% 68
\BOOKMARK [2][-]{subsection.4.1.5}{Eclipse}{section.4.1}% 69
\BOOKMARK [2][-]{subsection.4.1.6}{Java}{section.4.1}% 70
\BOOKMARK [2][-]{subsection.4.1.7}{GWT}{section.4.1}% 71
\BOOKMARK [2][-]{subsection.4.1.8}{JavaScript}{section.4.1}% 72
\BOOKMARK [2][-]{subsection.4.1.9}{HTTP}{section.4.1}% 73
\BOOKMARK [2][-]{subsection.4.1.10}{WebSocket}{section.4.1}% 74
\BOOKMARK [2][-]{subsection.4.1.11}{Git}{section.4.1}% 75
\BOOKMARK [2][-]{subsection.4.1.12}{GitHub}{section.4.1}% 76
\BOOKMARK [1][-]{section.4.2}{Tecnolog\355as de la Aplicaci\363n Android}{chapter.4}% 77
\BOOKMARK [2][-]{subsection.4.2.1}{Android Studio}{section.4.2}% 78
\BOOKMARK [2][-]{subsection.4.2.2}{Android}{section.4.2}% 79
\BOOKMARK [2][-]{subsection.4.2.3}{XML}{section.4.2}% 80
\BOOKMARK [2][-]{subsection.4.2.4}{JSON}{section.4.2}% 81
\BOOKMARK [2][-]{subsection.4.2.5}{SQL}{section.4.2}% 82
\BOOKMARK [2][-]{subsection.4.2.6}{MySQL}{section.4.2}% 83
\BOOKMARK [2][-]{subsection.4.2.7}{PhpMyAdmin}{section.4.2}% 84
\BOOKMARK [2][-]{subsection.4.2.8}{PHP}{section.4.2}% 85
\BOOKMARK [2][-]{subsection.4.2.9}{Laravel 5}{section.4.2}% 86
\BOOKMARK [2][-]{subsection.4.2.10}{OpenShift}{section.4.2}% 87
\BOOKMARK [2][-]{subsection.4.2.11}{Sublime Text}{section.4.2}% 88
\BOOKMARK [2][-]{subsection.4.2.12}{POP: Prototyping On Paper}{section.4.2}% 89
\BOOKMARK [0][-]{chapter.5}{Migraci\363n de SwellRT a Android}{}% 90
\BOOKMARK [0][-]{chapter.6}{Dise\361o de la Aplicaci\363n}{}% 91
\BOOKMARK [1][-]{section.6.1}{Introducci\363n}{chapter.6}% 92
\BOOKMARK [1][-]{section.6.2}{Brainstorming de ideas}{chapter.6}% 93
\BOOKMARK [1][-]{section.6.3}{Dise\361o Guiado Por Objetivos \(DGO\)}{chapter.6}% 94
\BOOKMARK [2][-]{subsection.6.3.1}{Investigaci\363n}{section.6.3}% 95
\BOOKMARK [3][-]{subsubsection.6.3.1.1}{Intenci\363n Inicial: Prototipo b\341sico}{subsection.6.3.1}% 96
\BOOKMARK [3][-]{subsubsection.6.3.1.2}{Hip\363tesis de personas}{subsection.6.3.1}% 97
\BOOKMARK [3][-]{subsubsection.6.3.1.3}{Entrevista con Labodemo}{subsection.6.3.1}% 98
\BOOKMARK [3][-]{subsubsection.6.3.1.4}{Conclusi\363n}{subsection.6.3.1}% 99
\BOOKMARK [3][-]{subsubsection.6.3.1.5}{Entrevista con Javier de la Cueva}{subsection.6.3.1}% 100
\BOOKMARK [3][-]{subsubsection.6.3.1.6}{Conclusi\363n}{subsection.6.3.1}% 101
\BOOKMARK [2][-]{subsection.6.3.2}{Modelado de Personas}{section.6.3}% 102
\BOOKMARK [2][-]{subsection.6.3.3}{Definici\363n de personas}{section.6.3}% 103
\BOOKMARK [2][-]{subsection.6.3.4}{Definici\363n de Escenarios y Requisitos}{section.6.3}% 104
\BOOKMARK [2][-]{subsection.6.3.5}{Framework de dise\361o}{section.6.3}% 105
\BOOKMARK [3][-]{subsubsection.6.3.5.1}{Framework de interacci\363n}{subsection.6.3.5}% 106
\BOOKMARK [2][-]{subsection.6.3.6}{Principios de Dise\361o}{section.6.3}% 107
\BOOKMARK [0][-]{chapter.7}{Arquitectura del Proyecto}{}% 108
\BOOKMARK [1][-]{section.7.1}{Arquitectura de Wave}{chapter.7}% 109
\BOOKMARK [2][-]{subsection.7.1.1}{Modelo Conversacional Wave}{section.7.1}% 110
\BOOKMARK [2][-]{subsection.7.1.2}{Modelo de Contenidos SwellRT}{section.7.1}% 111
\BOOKMARK [1][-]{section.7.2}{Arquitectura de la aplicaci\363n}{chapter.7}% 112
\BOOKMARK [2][-]{subsection.7.2.1}{Base de datos}{section.7.2}% 113
\BOOKMARK [3][-]{subsubsection.7.2.1.1}{political\137party}{subsection.7.2.1}% 114
\BOOKMARK [3][-]{subsubsection.7.2.1.2}{section}{subsection.7.2.1}% 115
\BOOKMARK [3][-]{subsubsection.7.2.1.3}{proposal}{subsection.7.2.1}% 116
\BOOKMARK [3][-]{subsubsection.7.2.1.4}{comment}{subsection.7.2.1}% 117
\BOOKMARK [3][-]{subsubsection.7.2.1.5}{opinion}{subsection.7.2.1}% 118
\BOOKMARK [2][-]{subsection.7.2.2}{Service REST}{section.7.2}% 119
\BOOKMARK [3][-]{subsubsection.7.2.2.1}{Arquitectura}{subsection.7.2.2}% 120
\BOOKMARK [3][-]{subsubsection.7.2.2.2}{Rutas}{subsection.7.2.2}% 121
\BOOKMARK [3][-]{subsubsection.7.2.2.3}{Controladores}{subsection.7.2.2}% 122
\BOOKMARK [2][-]{subsection.7.2.3}{Cliente Android}{section.7.2}% 123
\BOOKMARK [3][-]{subsubsection.7.2.3.1}{Interfaz Gr\341fica}{subsection.7.2.3}% 124
\BOOKMARK [3][-]{subsubsection.7.2.3.2}{Estructuraci\363n de Programas Pol\355ticos}{subsection.7.2.3}% 125
\BOOKMARK [3][-]{subsubsection.7.2.3.3}{Conexi\363n y Peticiones a Service REST y Base de Datos}{subsection.7.2.3}% 126
\BOOKMARK [3][-]{subsubsection.7.2.3.4}{Gesti\363n de Usuarios: ID de Android}{subsection.7.2.3}% 127
\BOOKMARK [3][-]{subsubsection.7.2.3.5}{Servicio Android, Conexi\363n con Wave/SwellRT y Gesti\363n de Propuestas Colaborativas}{subsection.7.2.3}% 128
\BOOKMARK [0][-]{chapter.8}{Evaluaci\363n con Usuarios}{}% 129
\BOOKMARK [1][-]{section.8.1}{Prop\363sitos y objetivos de la evaluaci\363n}{chapter.8}% 130
\BOOKMARK [1][-]{section.8.2}{Preguntas de investigaci\363n}{chapter.8}% 131
\BOOKMARK [1][-]{section.8.3}{Requisitos para los participantes de la evaluaci\363n}{chapter.8}% 132
\BOOKMARK [1][-]{section.8.4}{Dise\361o experimental}{chapter.8}% 133
\BOOKMARK [1][-]{section.8.5}{Lista de tareas a realizar}{chapter.8}% 134
\BOOKMARK [1][-]{section.8.6}{Entorno y herramientas que vamos a emplear}{chapter.8}% 135
\BOOKMARK [1][-]{section.8.7}{Tareas del moderador}{chapter.8}% 136
\BOOKMARK [1][-]{section.8.8}{Resultados de la evaluaci\363n con los usuarios}{chapter.8}% 137
\BOOKMARK [2][-]{subsection.8.8.1}{Comentarios sobre la interfaz}{section.8.8}% 138
\BOOKMARK [2][-]{subsection.8.8.2}{Resultados de las tareas}{section.8.8}% 139
\BOOKMARK [2][-]{subsection.8.8.3}{Informe de hallazgos y recomendaciones}{section.8.8}% 140
\BOOKMARK [0][-]{chapter.9}{Resultados y Trabajo Futuro}{}% 141
\BOOKMARK [1][-]{section.9.1}{Discusi\363n de Resultados}{chapter.9}% 142
\BOOKMARK [2][-]{subsection.9.1.1}{El porqu\351 de DemoCritics}{section.9.1}% 143
\BOOKMARK [2][-]{subsection.9.1.2}{Usando Wave/SwellRT en DemoCritics}{section.9.1}% 144
\BOOKMARK [2][-]{subsection.9.1.3}{Incentivando el uso social de DemoCritics}{section.9.1}% 145
\BOOKMARK [2][-]{subsection.9.1.4}{Aspectos t\351cnicos de DemoCritics}{section.9.1}% 146
\BOOKMARK [1][-]{section.9.2}{Reparto de Trabajo entre los componentes del grupo}{chapter.9}% 147
\BOOKMARK [1][-]{section.9.3}{Trabajo Futuro}{chapter.9}% 148
\BOOKMARK [2][-]{subsection.9.3.1}{Mejoras a la versi\363n actual}{section.9.3}% 149
\BOOKMARK [2][-]{subsection.9.3.2}{Nuevas caracter\355sticas}{section.9.3}% 150
\BOOKMARK [2][-]{subsection.9.3.3}{SwellRT Android}{section.9.3}% 151
\BOOKMARK [0][-]{chapter.10}{Conclusiones}{}% 152
\BOOKMARK [0][-]{appendix.Alph1}{Listados de C\363digo Fuente}{}% 153
\BOOKMARK [1][-]{section.Alph1.1}{Migraci\363n de Wave a Android: SwellRT}{appendix.Alph1}% 154
\BOOKMARK [2][-]{subsection.Alph1.1.1}{Esquema de conexi\363n HTTP}{section.Alph1.1}% 155
\BOOKMARK [2][-]{subsection.Alph1.1.2}{Esquema de conexi\363n con AsyncTask}{section.Alph1.1}% 156
\BOOKMARK [2][-]{subsection.Alph1.1.3}{Esquema de uso de WAsync}{section.Alph1.1}% 157
\BOOKMARK [1][-]{section.Alph1.2}{Service REST \(Laravel\)}{appendix.Alph1}% 158
\BOOKMARK [2][-]{subsection.Alph1.2.1}{Esquema de Rutas Simple}{section.Alph1.2}% 159
\BOOKMARK [2][-]{subsection.Alph1.2.2}{Esquema de Rutas Agrupadas}{section.Alph1.2}% 160
\BOOKMARK [2][-]{subsection.Alph1.2.3}{Esquema de Rutas de Propuestas Agrupadas}{section.Alph1.2}% 161
\BOOKMARK [2][-]{subsection.Alph1.2.4}{Esquema de Controlador de Propuestas}{section.Alph1.2}% 162
\BOOKMARK [1][-]{section.Alph1.3}{Aplicaci\363n Android}{appendix.Alph1}% 163
\BOOKMARK [2][-]{subsection.Alph1.3.1}{Funci\363n de construcci\363n del \341rbol de Programa Pol\355tico}{section.Alph1.3}% 164
\BOOKMARK [2][-]{subsection.Alph1.3.2}{Registrar Usuario en SwellRT}{section.Alph1.3}% 165
\BOOKMARK [2][-]{subsection.Alph1.3.3}{Crear nueva Wave \(Model\) en SwellRT}{section.Alph1.3}% 166
\BOOKMARK [2][-]{subsection.Alph1.3.4}{Abrir Pad colaborativo en SwellRT}{section.Alph1.3}% 167
\BOOKMARK [0][-]{subsection.Alph1.3.4}{Bibliograf\355a}{}% 168
